<?xml version="1.0" encoding="UTF-8"?>
<testng-results ignored="0" total="1" passed="1" failed="0" skipped="0">
  <reporter-output>
  </reporter-output>
  <suite started-at="2025-02-25T23:00:13 CET" name="Default suite" finished-at="2025-02-25T23:00:56 CET" duration-ms="43381">
    <groups>
    </groups>
    <test started-at="2025-02-25T23:00:13 CET" name="Default test" finished-at="2025-02-25T23:00:56 CET" duration-ms="43381">
      <class name="com.example.tests.SeleniumTest">
        <test-method is-config="true" signature="setup()[pri:0, instance:com.example.tests.SeleniumTest@74fe5c40]" started-at="2025-02-25T23:00:13 CET" name="setup" finished-at="2025-02-25T23:00:49 CET" duration-ms="36159" status="PASS">
          <reporter-output>
          </reporter-output>
        </test-method> <!-- setup -->
        <test-method signature="testGoogleTitle()[pri:0, instance:com.example.tests.SeleniumTest@74fe5c40]" started-at="2025-02-25T23:00:49 CET" name="testGoogleTitle" finished-at="2025-02-25T23:00:52 CET" duration-ms="3250" status="PASS">
          <reporter-output>
          </reporter-output>
        </test-method> <!-- testGoogleTitle -->
        <test-method is-config="true" signature="tearDown()[pri:0, instance:com.example.tests.SeleniumTest@74fe5c40]" started-at="2025-02-25T23:00:52 CET" name="tearDown" finished-at="2025-02-25T23:00:56 CET" duration-ms="3904" status="PASS">
          <reporter-output>
          </reporter-output>
        </test-method> <!-- tearDown -->
      </class> <!-- com.example.tests.SeleniumTest -->
    </test> <!-- Default test -->
  </suite> <!-- Default suite -->
</testng-results>
